<?xml version="1.0" encoding="UTF-8"?>
<testng-results ignored="0" total="1" passed="1" failed="0" skipped="0">
  <reporter-output>
  </reporter-output>
  <suite started-at="2023-03-30T05:31:28 IST" name="Default suite" finished-at="2023-03-30T05:31:28 IST" duration-ms="44">
    <groups>
    </groups>
    <test started-at="2023-03-30T05:31:28 IST" name="Default test" finished-at="2023-03-30T05:31:28 IST" duration-ms="44">
      <class name="Pratice.Demo">
        <test-method signature="method()[pri:0, instance:Pratice.Demo@73ee04c8]" started-at="2023-03-30T05:31:28 IST" name="method" finished-at="2023-03-30T05:31:28 IST" duration-ms="6" status="PASS">
          <reporter-output>
          </reporter-output>
        </test-method> <!-- method -->
      </class> <!-- Pratice.Demo -->
    </test> <!-- Default test -->
  </suite> <!-- Default suite -->
</testng-results>
